The target system is: Generic - 4.4.99 - arm
The host system is: Linux - 6.8.0-124-generic - x86_64
Compiling the C compiler identification source file "CMakeCCompilerId.c" succeeded.
Compiler: /home/vvdn/zephyr-sdk-1.0.1/gnu/arm-zephyr-eabi/bin/arm-zephyr-eabi-gcc 
Build flags: 
Id flags:  

The output was:
0


Compilation of the C compiler identification source "CMakeCCompilerId.c" produced "a.out"

The C compiler identification is GNU, found in "/home/vvdn/zephyrproject/apps/uart_mutex/build/CMakeFiles/3.22.1/CompilerIdC/a.out"

Compiling the CXX compiler identification source file "CMakeCXXCompilerId.cpp" succeeded.
Compiler: /home/vvdn/zephyr-sdk-1.0.1/gnu/arm-zephyr-eabi/bin/arm-zephyr-eabi-g++ 
Build flags: 
Id flags:  

The output was:
0


Compilation of the CXX compiler identification source "CMakeCXXCompilerId.cpp" produced "a.out"

The CXX compiler identification is GNU, found in "/home/vvdn/zephyrproject/apps/uart_mutex/build/CMakeFiles/3.22.1/CompilerIdCXX/a.out"

Checking whether the ASM compiler is GNU using "--version" matched "(GNU assembler)|(GCC)|(Free Software Foundation)":
arm-zephyr-eabi-gcc (Zephyr SDK 1.0.1) 14.3.0
Copyright (C) 2024 Free Software Foundation, Inc.
This is free software; see the source for copying conditions.  There is NO
warranty; not even for MERCHANTABILITY or FITNESS FOR A PARTICULAR PURPOSE.

Performing C SOURCE FILE Test check_fmacro_prefix_map__home_vvdn_zephyrproject_apps_uart_mutex_CMAKE_SOURCE_DIR_C__nostartfiles__nostdlib__isystem___home_vvdn_zephyr_sdk_1_0_1_gnu_arm_zephyr_eabi_bin____lib_gcc_arm_zephyr_eabi_14_3_0_include___isystem___home_vvdn_zephyr_sdk_1_0_1_gnu_arm_zephyr_eabi_bin____lib_gcc_arm_zephyr_eabi_14_3_0_include___Wl___unresolved_symbols_ignore_in_object_files__Wl___entry_0__fuse_ld_bfd succeeded with the following output:
Change Dir: /home/vvdn/zephyrproject/apps/uart_mutex/build/CMakeFiles/CMakeTmp

Run Build Command(s):/usr/bin/ninja cmTC_7b1da && [1/2] Building C object CMakeFiles/cmTC_7b1da.dir/src.c.obj
[2/2] Linking C executable cmTC_7b1da


Source file was:
int main(void) { return 0; }
